2019-05-07 13:40:17 - Spider - INFO - 	Start crawl...
2019-05-07 13:40:17 - Spider - INFO - 	www.baidu.com
2019-05-07 13:40:17 - Spider - ERROR - 	Crawling occurs error
MissingSchema("Invalid URL 'www.baidu.com': No schema supplied. Perhaps you meant http://www.baidu.com?")
Traceback (most recent call last):
  File "E:\wuzhi\simple-spiders\sspider\spider.py", line 235, in crawl
    response = self.downloader.download(request)
  File "E:\wuzhi\simple-spiders\sspider\utils.py", line 129, in wrapper
    return func(*args, **kwargs)
  File "E:\wuzhi\simple-spiders\sspider\commons.py", line 257, in download
    return Response(request, cls=session.request(**request.transRequestParam()))
  File "D:\Python\lib\site-packages\requests\sessions.py", line 519, in request
    prep = self.prepare_request(req)
  File "D:\Python\lib\site-packages\requests\sessions.py", line 462, in prepare_request
    hooks=merge_hooks(request.hooks, self.hooks),
  File "D:\Python\lib\site-packages\requests\models.py", line 313, in prepare
    self.prepare_url(url, params)
  File "D:\Python\lib\site-packages\requests\models.py", line 387, in prepare_url
    raise MissingSchema(error)
requests.exceptions.MissingSchema: Invalid URL 'www.baidu.com': No schema supplied. Perhaps you meant http://www.baidu.com?
2019-05-07 13:40:17 - Spider - INFO - 	End crawl...
2019-05-07 13:40:36 - Spider - INFO - 	Start crawl...
2019-05-07 13:40:36 - Spider - INFO - 	http://www.baidu.com
2019-05-07 13:40:36 - Spider - INFO - 	End crawl...
2019-05-07 13:41:22 - Spider - INFO - 	Start crawl...
2019-05-07 13:41:22 - Spider - INFO - 	http://www.baidu.com
2019-05-07 13:41:22 - Spider - INFO - 	End crawl...
2019-05-07 13:41:38 - Spider - INFO - 	Start crawl...
2019-05-07 13:41:38 - Spider - INFO - 	http://www.baidu.com
2019-05-07 13:41:38 - Spider - INFO - 	End crawl...
2019-05-07 13:42:17 - Spider - INFO - 	Start crawl...
2019-05-07 13:42:17 - Spider - INFO - 	http://www.baidu.com
2019-05-07 13:42:17 - Spider - INFO - 	End crawl...
2019-05-07 13:42:54 - Spider - INFO - 	Start crawl...
2019-05-07 13:42:54 - Spider - INFO - 	http://www.baidu.com
2019-05-07 13:42:54 - Spider - INFO - 	End crawl...
2019-05-07 13:45:20 - Spider - INFO - 	Start crawl...
2019-05-07 13:45:20 - Spider - INFO - 	http://www.baidu.com
2019-05-07 13:45:20 - Spider - INFO - 	http://www.baidu.com
2019-05-07 13:45:20 - Spider - INFO - 	http://www.baidu.com
2019-05-07 13:45:20 - Spider - INFO - 	http://www.baidu.com
2019-05-07 13:45:20 - Spider - INFO - 	End crawl...
2019-05-07 13:46:00 - Spider - INFO - 	Start crawl...
2019-05-07 13:46:00 - Spider - INFO - 	http://www.baidu.com
2019-05-07 13:46:00 - Spider - INFO - 	End crawl...
2019-05-07 13:46:08 - Spider - INFO - 	Start crawl...
2019-05-07 13:46:08 - Spider - INFO - 	http://www.baidu.com
2019-05-07 13:46:09 - Spider - INFO - 	http://www.baidu.com
2019-05-07 13:46:09 - Spider - INFO - 	End crawl...
